<?xml version="1.0" encoding="UTF-8"?>
<!-- Generated by org.testng.reporters.JUnitReportReporter -->
<testsuite hostname="Abhijit-Laptop" failures="0" tests="1" name="basic.OrganizationsTest" time="8.648" errors="0" timestamp="2024-03-15T12:53:42 IST" skipped="0">
  <testcase classname="basic.OrganizationsTest" name="CreateOrganizationsTest" time="8.648"/>
  <system-out/>
</testsuite> <!-- basic.OrganizationsTest -->
