<?xml version="1.0" encoding="UTF-8"?>
<!-- Generated by org.testng.reporters.JUnitReportReporter -->
<testsuite hostname="Abhijit-Laptop" failures="0" tests="1" name="basic.OrganizationsTest" time="4.660" errors="0" timestamp="2024-03-16T12:30:35 IST" skipped="0">
  <testcase classname="basic.OrganizationsTest" name="CreateOrganizationsTest" time="4.660"/>
  <system-out/>
</testsuite> <!-- basic.OrganizationsTest -->
